
*** Running vivado
    with args -log blk_mem_gen_0.vds -m64 -product Vivado -mode batch -messageDb vivado.pb -notrace -source blk_mem_gen_0.tcl


****** Vivado v2016.4 (64-bit)
  **** SW Build 1756540 on Mon Jan 23 19:11:19 MST 2017
  **** IP Build 1755317 on Mon Jan 23 20:30:07 MST 2017
    ** Copyright 1986-2016 Xilinx, Inc. All Rights Reserved.

source blk_mem_gen_0.tcl -notrace
Starting RTL Elaboration : Time (s): cpu = 00:00:06 ; elapsed = 00:00:07 . Memory (MB): peak = 1097.289 ; gain = 170.086 ; free physical = 598 ; free virtual = 11691
INFO: [Synth 8-638] synthesizing module 'blk_mem_gen_0' [/home/ricson/hw/15618_project/project_5/project_5.srcs/sources_1/ip/blk_mem_gen_0_1/synth/blk_mem_gen_0.vhd:71]
INFO: [Synth 8-256] done synthesizing module 'blk_mem_gen_0' (11#1) [/home/ricson/hw/15618_project/project_5/project_5.srcs/sources_1/ip/blk_mem_gen_0_1/synth/blk_mem_gen_0.vhd:71]
Finished RTL Elaboration : Time (s): cpu = 00:01:22 ; elapsed = 00:01:24 . Memory (MB): peak = 1334.562 ; gain = 407.359 ; free physical = 220 ; free virtual = 11357
Finished RTL Optimization Phase 1 : Time (s): cpu = 00:01:22 ; elapsed = 00:01:24 . Memory (MB): peak = 1334.562 ; gain = 407.359 ; free physical = 220 ; free virtual = 11357
INFO: [Device 21-403] Loading part xc7z020clg484-1
Constraint Validation Runtime : Time (s): cpu = 00:00:00.04 ; elapsed = 00:00:00.03 . Memory (MB): peak = 1539.770 ; gain = 0.000 ; free physical = 182 ; free virtual = 11319
Finished Constraint Validation : Time (s): cpu = 00:01:30 ; elapsed = 00:01:32 . Memory (MB): peak = 1539.770 ; gain = 612.566 ; free physical = 171 ; free virtual = 11308
Finished Loading Part and Timing Information : Time (s): cpu = 00:01:30 ; elapsed = 00:01:32 . Memory (MB): peak = 1539.770 ; gain = 612.566 ; free physical = 171 ; free virtual = 11308
Finished applying 'set_property' XDC Constraints : Time (s): cpu = 00:01:30 ; elapsed = 00:01:32 . Memory (MB): peak = 1539.770 ; gain = 612.566 ; free physical = 171 ; free virtual = 11308
Finished RTL Optimization Phase 2 : Time (s): cpu = 00:01:31 ; elapsed = 00:01:33 . Memory (MB): peak = 1539.770 ; gain = 612.566 ; free physical = 165 ; free virtual = 11303
Finished Cross Boundary and Area Optimization : Time (s): cpu = 00:01:32 ; elapsed = 00:01:33 . Memory (MB): peak = 1539.770 ; gain = 612.566 ; free physical = 156 ; free virtual = 11277
Finished Applying XDC Timing Constraints : Time (s): cpu = 00:01:37 ; elapsed = 00:01:39 . Memory (MB): peak = 1539.770 ; gain = 612.566 ; free physical = 162 ; free virtual = 11203
Finished Timing Optimization : Time (s): cpu = 00:01:37 ; elapsed = 00:01:39 . Memory (MB): peak = 1539.770 ; gain = 612.566 ; free physical = 158 ; free virtual = 11199
Finished Technology Mapping : Time (s): cpu = 00:01:38 ; elapsed = 00:01:39 . Memory (MB): peak = 1539.770 ; gain = 612.566 ; free physical = 163 ; free virtual = 11174
Finished IO Insertion : Time (s): cpu = 00:01:38 ; elapsed = 00:01:40 . Memory (MB): peak = 1539.770 ; gain = 612.566 ; free physical = 163 ; free virtual = 11174
Finished Renaming Generated Instances : Time (s): cpu = 00:01:38 ; elapsed = 00:01:40 . Memory (MB): peak = 1539.770 ; gain = 612.566 ; free physical = 163 ; free virtual = 11174
Finished Rebuilding User Hierarchy : Time (s): cpu = 00:01:38 ; elapsed = 00:01:40 . Memory (MB): peak = 1539.770 ; gain = 612.566 ; free physical = 163 ; free virtual = 11174
Finished Renaming Generated Ports : Time (s): cpu = 00:01:38 ; elapsed = 00:01:40 . Memory (MB): peak = 1539.770 ; gain = 612.566 ; free physical = 163 ; free virtual = 11174
Finished Handling Custom Attributes : Time (s): cpu = 00:01:38 ; elapsed = 00:01:40 . Memory (MB): peak = 1539.770 ; gain = 612.566 ; free physical = 163 ; free virtual = 11174
Finished Renaming Generated Nets : Time (s): cpu = 00:01:38 ; elapsed = 00:01:40 . Memory (MB): peak = 1539.770 ; gain = 612.566 ; free physical = 163 ; free virtual = 11174

Report Cell Usage: 
+------+-----------+------+
|      |Cell       |Count |
+------+-----------+------+
|1     |LUT4       |    16|
|2     |LUT5       |    16|
|3     |LUT6       |   108|
|4     |MUXF7      |    54|
|5     |MUXF8      |    27|
|6     |RAMB36E1   |    16|
|7     |RAMB36E1_1 |    32|
|8     |RAMB36E1_2 |     5|
|9     |RAMB36E1_3 |     5|
|10    |FDRE       |     8|
+------+-----------+------+
Finished Writing Synthesis Report : Time (s): cpu = 00:01:38 ; elapsed = 00:01:40 . Memory (MB): peak = 1539.770 ; gain = 612.566 ; free physical = 163 ; free virtual = 11174
synth_design: Time (s): cpu = 00:01:37 ; elapsed = 00:01:38 . Memory (MB): peak = 1539.777 ; gain = 524.070 ; free physical = 162 ; free virtual = 11172
