
*** Running vivado
    with args -log design_1_auto_pc_0.vds -m64 -product Vivado -mode batch -messageDb vivado.pb -notrace -source design_1_auto_pc_0.tcl


****** Vivado v2016.4 (64-bit)
  **** SW Build 1756540 on Mon Jan 23 19:11:19 MST 2017
  **** IP Build 1755317 on Mon Jan 23 20:30:07 MST 2017
    ** Copyright 1986-2016 Xilinx, Inc. All Rights Reserved.

source design_1_auto_pc_0.tcl -notrace
Starting RTL Elaboration : Time (s): cpu = 00:00:06 ; elapsed = 00:00:08 . Memory (MB): peak = 1104.816 ; gain = 177.086 ; free physical = 847 ; free virtual = 9252
INFO: [Synth 8-638] synthesizing module 'design_1_auto_pc_0' [/home/ricson/hw/15618_project/project_5/project_5.srcs/sources_1/bd/design_1/ip/design_1_auto_pc_0/synth/design_1_auto_pc_0.v:58]
INFO: [Synth 8-638] synthesizing module 'axi_protocol_converter_v2_1_11_axi_protocol_converter' [/home/ricson/hw/15618_project/project_5/project_5.srcs/sources_1/bd/design_1/ipshared/df1b/hdl/axi_protocol_converter_v2_1_vl_rfs.v:4806]
INFO: [Synth 8-256] done synthesizing module 'axi_protocol_converter_v2_1_11_axi_protocol_converter' (1#1) [/home/ricson/hw/15618_project/project_5/project_5.srcs/sources_1/bd/design_1/ipshared/df1b/hdl/axi_protocol_converter_v2_1_vl_rfs.v:4806]
INFO: [Synth 8-256] done synthesizing module 'design_1_auto_pc_0' (2#1) [/home/ricson/hw/15618_project/project_5/project_5.srcs/sources_1/bd/design_1/ip/design_1_auto_pc_0/synth/design_1_auto_pc_0.v:58]
Finished RTL Elaboration : Time (s): cpu = 00:00:24 ; elapsed = 00:00:29 . Memory (MB): peak = 1226.285 ; gain = 298.555 ; free physical = 728 ; free virtual = 9138
Finished RTL Optimization Phase 1 : Time (s): cpu = 00:00:24 ; elapsed = 00:00:29 . Memory (MB): peak = 1226.285 ; gain = 298.555 ; free physical = 728 ; free virtual = 9138
INFO: [Device 21-403] Loading part xc7z020clg484-1
Constraint Validation Runtime : Time (s): cpu = 00:00:00.02 ; elapsed = 00:00:00.01 . Memory (MB): peak = 1397.492 ; gain = 0.000 ; free physical = 628 ; free virtual = 9037
Finished Constraint Validation : Time (s): cpu = 00:00:31 ; elapsed = 00:00:36 . Memory (MB): peak = 1397.492 ; gain = 469.762 ; free physical = 610 ; free virtual = 9020
Finished Loading Part and Timing Information : Time (s): cpu = 00:00:31 ; elapsed = 00:00:36 . Memory (MB): peak = 1397.492 ; gain = 469.762 ; free physical = 610 ; free virtual = 9020
Finished applying 'set_property' XDC Constraints : Time (s): cpu = 00:00:31 ; elapsed = 00:00:36 . Memory (MB): peak = 1397.492 ; gain = 469.762 ; free physical = 610 ; free virtual = 9020
Finished RTL Optimization Phase 2 : Time (s): cpu = 00:00:31 ; elapsed = 00:00:36 . Memory (MB): peak = 1397.492 ; gain = 469.762 ; free physical = 610 ; free virtual = 9020
Finished Cross Boundary and Area Optimization : Time (s): cpu = 00:00:31 ; elapsed = 00:00:37 . Memory (MB): peak = 1397.492 ; gain = 469.762 ; free physical = 610 ; free virtual = 9020
Finished Applying XDC Timing Constraints : Time (s): cpu = 00:00:37 ; elapsed = 00:00:43 . Memory (MB): peak = 1431.492 ; gain = 503.762 ; free physical = 576 ; free virtual = 8985
Finished Timing Optimization : Time (s): cpu = 00:00:37 ; elapsed = 00:00:43 . Memory (MB): peak = 1431.492 ; gain = 503.762 ; free physical = 576 ; free virtual = 8985
Finished Technology Mapping : Time (s): cpu = 00:00:37 ; elapsed = 00:00:43 . Memory (MB): peak = 1441.508 ; gain = 513.777 ; free physical = 567 ; free virtual = 8977
Finished IO Insertion : Time (s): cpu = 00:00:37 ; elapsed = 00:00:44 . Memory (MB): peak = 1441.508 ; gain = 513.777 ; free physical = 566 ; free virtual = 8976
Finished Renaming Generated Instances : Time (s): cpu = 00:00:37 ; elapsed = 00:00:44 . Memory (MB): peak = 1441.508 ; gain = 513.777 ; free physical = 566 ; free virtual = 8976
Finished Rebuilding User Hierarchy : Time (s): cpu = 00:00:37 ; elapsed = 00:00:44 . Memory (MB): peak = 1441.508 ; gain = 513.777 ; free physical = 566 ; free virtual = 8976
Finished Renaming Generated Ports : Time (s): cpu = 00:00:37 ; elapsed = 00:00:44 . Memory (MB): peak = 1441.508 ; gain = 513.777 ; free physical = 566 ; free virtual = 8976
Finished Handling Custom Attributes : Time (s): cpu = 00:00:37 ; elapsed = 00:00:44 . Memory (MB): peak = 1441.508 ; gain = 513.777 ; free physical = 566 ; free virtual = 8975
Finished Renaming Generated Nets : Time (s): cpu = 00:00:37 ; elapsed = 00:00:44 . Memory (MB): peak = 1441.508 ; gain = 513.777 ; free physical = 566 ; free virtual = 8975

Report Cell Usage: 
+-+-----+------+
| |Cell |Count |
+-+-----+------+
+-+-----+------+
Finished Writing Synthesis Report : Time (s): cpu = 00:00:37 ; elapsed = 00:00:44 . Memory (MB): peak = 1441.508 ; gain = 513.777 ; free physical = 566 ; free virtual = 8975
synth_design: Time (s): cpu = 00:00:35 ; elapsed = 00:00:42 . Memory (MB): peak = 1465.508 ; gain = 448.273 ; free physical = 396 ; free virtual = 8951
