
*** Running vivado
    with args -log blk_mem_gen_0.vds -m64 -product Vivado -mode batch -messageDb vivado.pb -notrace -source blk_mem_gen_0.tcl


****** Vivado v2016.4 (64-bit)
  **** SW Build 1756540 on Mon Jan 23 19:11:19 MST 2017
  **** IP Build 1755317 on Mon Jan 23 20:30:07 MST 2017
    ** Copyright 1986-2016 Xilinx, Inc. All Rights Reserved.

source blk_mem_gen_0.tcl -notrace
Starting RTL Elaboration : Time (s): cpu = 00:00:06 ; elapsed = 00:00:07 . Memory (MB): peak = 1097.285 ; gain = 170.086 ; free physical = 852 ; free virtual = 11993
INFO: [Synth 8-638] synthesizing module 'blk_mem_gen_0' [/home/ricson/hw/15618_project/project_5/project_5.srcs/sources_1/ip/blk_mem_gen_0/synth/blk_mem_gen_0.vhd:72]
INFO: [Synth 8-256] done synthesizing module 'blk_mem_gen_0' (11#1) [/home/ricson/hw/15618_project/project_5/project_5.srcs/sources_1/ip/blk_mem_gen_0/synth/blk_mem_gen_0.vhd:72]
Finished RTL Elaboration : Time (s): cpu = 00:01:02 ; elapsed = 00:01:03 . Memory (MB): peak = 1303.957 ; gain = 376.758 ; free physical = 385 ; free virtual = 11539
Finished RTL Optimization Phase 1 : Time (s): cpu = 00:01:02 ; elapsed = 00:01:03 . Memory (MB): peak = 1303.957 ; gain = 376.758 ; free physical = 385 ; free virtual = 11539
INFO: [Device 21-403] Loading part xc7z020clg484-1
Constraint Validation Runtime : Time (s): cpu = 00:00:00.03 ; elapsed = 00:00:00.04 . Memory (MB): peak = 1511.164 ; gain = 0.000 ; free physical = 298 ; free virtual = 11473
Finished Constraint Validation : Time (s): cpu = 00:01:10 ; elapsed = 00:01:11 . Memory (MB): peak = 1511.164 ; gain = 583.965 ; free physical = 297 ; free virtual = 11471
Finished Loading Part and Timing Information : Time (s): cpu = 00:01:10 ; elapsed = 00:01:11 . Memory (MB): peak = 1511.164 ; gain = 583.965 ; free physical = 297 ; free virtual = 11471
Finished applying 'set_property' XDC Constraints : Time (s): cpu = 00:01:10 ; elapsed = 00:01:11 . Memory (MB): peak = 1511.164 ; gain = 583.965 ; free physical = 297 ; free virtual = 11471
Finished RTL Optimization Phase 2 : Time (s): cpu = 00:01:11 ; elapsed = 00:01:12 . Memory (MB): peak = 1511.164 ; gain = 583.965 ; free physical = 290 ; free virtual = 11465
Finished Cross Boundary and Area Optimization : Time (s): cpu = 00:01:11 ; elapsed = 00:01:13 . Memory (MB): peak = 1511.164 ; gain = 583.965 ; free physical = 276 ; free virtual = 11449
Finished Applying XDC Timing Constraints : Time (s): cpu = 00:01:17 ; elapsed = 00:01:18 . Memory (MB): peak = 1511.164 ; gain = 583.965 ; free physical = 219 ; free virtual = 11394
Finished Timing Optimization : Time (s): cpu = 00:01:17 ; elapsed = 00:01:18 . Memory (MB): peak = 1511.164 ; gain = 583.965 ; free physical = 212 ; free virtual = 11388
Finished Technology Mapping : Time (s): cpu = 00:01:17 ; elapsed = 00:01:19 . Memory (MB): peak = 1511.164 ; gain = 583.965 ; free physical = 191 ; free virtual = 11366
Finished IO Insertion : Time (s): cpu = 00:01:17 ; elapsed = 00:01:19 . Memory (MB): peak = 1511.164 ; gain = 583.965 ; free physical = 191 ; free virtual = 11366
Finished Renaming Generated Instances : Time (s): cpu = 00:01:17 ; elapsed = 00:01:19 . Memory (MB): peak = 1511.164 ; gain = 583.965 ; free physical = 191 ; free virtual = 11366
Finished Rebuilding User Hierarchy : Time (s): cpu = 00:01:18 ; elapsed = 00:01:19 . Memory (MB): peak = 1511.164 ; gain = 583.965 ; free physical = 191 ; free virtual = 11366
Finished Renaming Generated Ports : Time (s): cpu = 00:01:18 ; elapsed = 00:01:19 . Memory (MB): peak = 1511.164 ; gain = 583.965 ; free physical = 191 ; free virtual = 11366
Finished Handling Custom Attributes : Time (s): cpu = 00:01:18 ; elapsed = 00:01:19 . Memory (MB): peak = 1511.164 ; gain = 583.965 ; free physical = 191 ; free virtual = 11366
Finished Renaming Generated Nets : Time (s): cpu = 00:01:18 ; elapsed = 00:01:19 . Memory (MB): peak = 1511.164 ; gain = 583.965 ; free physical = 191 ; free virtual = 11366

Report Cell Usage: 
+------+-----------+------+
|      |Cell       |Count |
+------+-----------+------+
|1     |LUT5       |    32|
|2     |LUT6       |   108|
|3     |MUXF7      |    54|
|4     |MUXF8      |    27|
|5     |RAMB36E1   |    48|
|6     |RAMB36E1_1 |     5|
|7     |RAMB36E1_2 |     5|
|8     |FDRE       |     8|
+------+-----------+------+
Finished Writing Synthesis Report : Time (s): cpu = 00:01:18 ; elapsed = 00:01:19 . Memory (MB): peak = 1511.164 ; gain = 583.965 ; free physical = 191 ; free virtual = 11366
synth_design: Time (s): cpu = 00:01:16 ; elapsed = 00:01:17 . Memory (MB): peak = 1511.172 ; gain = 495.469 ; free physical = 192 ; free virtual = 11368
