
*** Running vivado
    with args -log blk_mem_gen_0.vds -m64 -product Vivado -mode batch -messageDb vivado.pb -notrace -source blk_mem_gen_0.tcl


****** Vivado v2016.4 (64-bit)
  **** SW Build 1756540 on Mon Jan 23 19:11:19 MST 2017
  **** IP Build 1755317 on Mon Jan 23 20:30:07 MST 2017
    ** Copyright 1986-2016 Xilinx, Inc. All Rights Reserved.

source blk_mem_gen_0.tcl -notrace
Starting RTL Elaboration : Time (s): cpu = 00:00:06 ; elapsed = 00:00:09 . Memory (MB): peak = 1097.812 ; gain = 170.086 ; free physical = 4919 ; free virtual = 8370
INFO: [Synth 8-638] synthesizing module 'blk_mem_gen_0' [/home/ricson/hw/15618_project/project_5/project_5.srcs/sources_1/ip/blk_mem_gen_0_1/synth/blk_mem_gen_0.vhd:69]
INFO: [Synth 8-256] done synthesizing module 'blk_mem_gen_0' (11#1) [/home/ricson/hw/15618_project/project_5/project_5.srcs/sources_1/ip/blk_mem_gen_0_1/synth/blk_mem_gen_0.vhd:69]
Finished RTL Elaboration : Time (s): cpu = 00:00:59 ; elapsed = 00:01:03 . Memory (MB): peak = 1303.484 ; gain = 375.758 ; free physical = 4688 ; free virtual = 8153
Finished RTL Optimization Phase 1 : Time (s): cpu = 00:01:00 ; elapsed = 00:01:03 . Memory (MB): peak = 1303.484 ; gain = 375.758 ; free physical = 4689 ; free virtual = 8153
INFO: [Device 21-403] Loading part xc7z020clg484-1
Constraint Validation Runtime : Time (s): cpu = 00:00:00.03 ; elapsed = 00:00:00.04 . Memory (MB): peak = 1511.691 ; gain = 0.000 ; free physical = 4597 ; free virtual = 8115
Finished Constraint Validation : Time (s): cpu = 00:01:07 ; elapsed = 00:01:13 . Memory (MB): peak = 1511.691 ; gain = 583.965 ; free physical = 4596 ; free virtual = 8114
Finished Loading Part and Timing Information : Time (s): cpu = 00:01:07 ; elapsed = 00:01:13 . Memory (MB): peak = 1511.691 ; gain = 583.965 ; free physical = 4596 ; free virtual = 8114
Finished applying 'set_property' XDC Constraints : Time (s): cpu = 00:01:07 ; elapsed = 00:01:13 . Memory (MB): peak = 1511.691 ; gain = 583.965 ; free physical = 4596 ; free virtual = 8114
Finished RTL Optimization Phase 2 : Time (s): cpu = 00:01:08 ; elapsed = 00:01:14 . Memory (MB): peak = 1511.691 ; gain = 583.965 ; free physical = 4590 ; free virtual = 8108
Finished Cross Boundary and Area Optimization : Time (s): cpu = 00:01:09 ; elapsed = 00:01:14 . Memory (MB): peak = 1511.691 ; gain = 583.965 ; free physical = 4571 ; free virtual = 8092
Finished Applying XDC Timing Constraints : Time (s): cpu = 00:01:15 ; elapsed = 00:01:20 . Memory (MB): peak = 1511.691 ; gain = 583.965 ; free physical = 4535 ; free virtual = 8063
Finished Timing Optimization : Time (s): cpu = 00:01:15 ; elapsed = 00:01:21 . Memory (MB): peak = 1511.691 ; gain = 583.965 ; free physical = 4531 ; free virtual = 8059
Finished Technology Mapping : Time (s): cpu = 00:01:15 ; elapsed = 00:01:21 . Memory (MB): peak = 1511.691 ; gain = 583.965 ; free physical = 4505 ; free virtual = 8033
Finished IO Insertion : Time (s): cpu = 00:01:15 ; elapsed = 00:01:21 . Memory (MB): peak = 1511.691 ; gain = 583.965 ; free physical = 4505 ; free virtual = 8033
Finished Renaming Generated Instances : Time (s): cpu = 00:01:15 ; elapsed = 00:01:21 . Memory (MB): peak = 1511.691 ; gain = 583.965 ; free physical = 4505 ; free virtual = 8033
Finished Rebuilding User Hierarchy : Time (s): cpu = 00:01:15 ; elapsed = 00:01:21 . Memory (MB): peak = 1511.691 ; gain = 583.965 ; free physical = 4505 ; free virtual = 8033
Finished Renaming Generated Ports : Time (s): cpu = 00:01:15 ; elapsed = 00:01:21 . Memory (MB): peak = 1511.691 ; gain = 583.965 ; free physical = 4505 ; free virtual = 8033
Finished Handling Custom Attributes : Time (s): cpu = 00:01:15 ; elapsed = 00:01:21 . Memory (MB): peak = 1511.691 ; gain = 583.965 ; free physical = 4505 ; free virtual = 8033
Finished Renaming Generated Nets : Time (s): cpu = 00:01:15 ; elapsed = 00:01:21 . Memory (MB): peak = 1511.691 ; gain = 583.965 ; free physical = 4505 ; free virtual = 8033

Report Cell Usage: 
+------+-----------+------+
|      |Cell       |Count |
+------+-----------+------+
|1     |LUT4       |    16|
|2     |LUT6       |   108|
|3     |MUXF7      |    54|
|4     |MUXF8      |    27|
|5     |RAMB36E1   |    48|
|6     |RAMB36E1_1 |     5|
|7     |RAMB36E1_2 |     5|
|8     |FDRE       |     8|
+------+-----------+------+
Finished Writing Synthesis Report : Time (s): cpu = 00:01:15 ; elapsed = 00:01:21 . Memory (MB): peak = 1511.691 ; gain = 583.965 ; free physical = 4505 ; free virtual = 8033
synth_design: Time (s): cpu = 00:01:14 ; elapsed = 00:01:18 . Memory (MB): peak = 1511.699 ; gain = 495.469 ; free physical = 4497 ; free virtual = 8028
