
*** Running vivado
    with args -log blk_mem_gen_0.vds -m64 -product Vivado -mode batch -messageDb vivado.pb -notrace -source blk_mem_gen_0.tcl


****** Vivado v2016.4 (64-bit)
  **** SW Build 1756540 on Mon Jan 23 19:11:19 MST 2017
  **** IP Build 1755317 on Mon Jan 23 20:30:07 MST 2017
    ** Copyright 1986-2016 Xilinx, Inc. All Rights Reserved.

source blk_mem_gen_0.tcl -notrace
Starting RTL Elaboration : Time (s): cpu = 00:00:06 ; elapsed = 00:00:07 . Memory (MB): peak = 1097.285 ; gain = 170.086 ; free physical = 1140 ; free virtual = 12151
INFO: [Synth 8-638] synthesizing module 'blk_mem_gen_0' [/home/ricson/hw/15618_project/project_5/project_5.srcs/sources_1/ip/blk_mem_gen_0/synth/blk_mem_gen_0.vhd:73]
INFO: [Synth 8-256] done synthesizing module 'blk_mem_gen_0' (9#1) [/home/ricson/hw/15618_project/project_5/project_5.srcs/sources_1/ip/blk_mem_gen_0/synth/blk_mem_gen_0.vhd:73]
Finished RTL Elaboration : Time (s): cpu = 00:00:38 ; elapsed = 00:00:39 . Memory (MB): peak = 1296.957 ; gain = 369.758 ; free physical = 965 ; free virtual = 11954
Finished RTL Optimization Phase 1 : Time (s): cpu = 00:00:38 ; elapsed = 00:00:39 . Memory (MB): peak = 1296.957 ; gain = 369.758 ; free physical = 965 ; free virtual = 11954
INFO: [Device 21-403] Loading part xc7z020clg484-1
Constraint Validation Runtime : Time (s): cpu = 00:00:00.01 ; elapsed = 00:00:00.01 . Memory (MB): peak = 1409.164 ; gain = 0.000 ; free physical = 932 ; free virtual = 11922
Finished Constraint Validation : Time (s): cpu = 00:00:45 ; elapsed = 00:00:46 . Memory (MB): peak = 1409.164 ; gain = 481.965 ; free physical = 968 ; free virtual = 11921
Finished Loading Part and Timing Information : Time (s): cpu = 00:00:45 ; elapsed = 00:00:46 . Memory (MB): peak = 1409.164 ; gain = 481.965 ; free physical = 968 ; free virtual = 11921
Finished applying 'set_property' XDC Constraints : Time (s): cpu = 00:00:45 ; elapsed = 00:00:46 . Memory (MB): peak = 1409.164 ; gain = 481.965 ; free physical = 968 ; free virtual = 11921
Finished RTL Optimization Phase 2 : Time (s): cpu = 00:00:46 ; elapsed = 00:00:46 . Memory (MB): peak = 1409.164 ; gain = 481.965 ; free physical = 962 ; free virtual = 11915
Finished Cross Boundary and Area Optimization : Time (s): cpu = 00:00:46 ; elapsed = 00:00:46 . Memory (MB): peak = 1409.164 ; gain = 481.965 ; free physical = 962 ; free virtual = 11915
Finished Applying XDC Timing Constraints : Time (s): cpu = 00:00:51 ; elapsed = 00:00:52 . Memory (MB): peak = 1439.164 ; gain = 511.965 ; free physical = 920 ; free virtual = 11873
Finished Timing Optimization : Time (s): cpu = 00:00:51 ; elapsed = 00:00:52 . Memory (MB): peak = 1439.164 ; gain = 511.965 ; free physical = 920 ; free virtual = 11873
Finished Technology Mapping : Time (s): cpu = 00:00:51 ; elapsed = 00:00:52 . Memory (MB): peak = 1448.180 ; gain = 520.980 ; free physical = 911 ; free virtual = 11864
Finished IO Insertion : Time (s): cpu = 00:00:52 ; elapsed = 00:00:52 . Memory (MB): peak = 1448.180 ; gain = 520.980 ; free physical = 911 ; free virtual = 11864
Finished Renaming Generated Instances : Time (s): cpu = 00:00:52 ; elapsed = 00:00:52 . Memory (MB): peak = 1448.180 ; gain = 520.980 ; free physical = 911 ; free virtual = 11864
Finished Rebuilding User Hierarchy : Time (s): cpu = 00:00:52 ; elapsed = 00:00:52 . Memory (MB): peak = 1448.180 ; gain = 520.980 ; free physical = 911 ; free virtual = 11864
Finished Renaming Generated Ports : Time (s): cpu = 00:00:52 ; elapsed = 00:00:52 . Memory (MB): peak = 1448.180 ; gain = 520.980 ; free physical = 911 ; free virtual = 11864
Finished Handling Custom Attributes : Time (s): cpu = 00:00:52 ; elapsed = 00:00:52 . Memory (MB): peak = 1448.180 ; gain = 520.980 ; free physical = 911 ; free virtual = 11864
Finished Renaming Generated Nets : Time (s): cpu = 00:00:52 ; elapsed = 00:00:52 . Memory (MB): peak = 1448.180 ; gain = 520.980 ; free physical = 911 ; free virtual = 11864

Report Cell Usage: 
+------+---------+------+
|      |Cell     |Count |
+------+---------+------+
|1     |RAMB36E1 |     1|
+------+---------+------+
Finished Writing Synthesis Report : Time (s): cpu = 00:00:52 ; elapsed = 00:00:52 . Memory (MB): peak = 1448.180 ; gain = 520.980 ; free physical = 911 ; free virtual = 11864
synth_design: Time (s): cpu = 00:00:50 ; elapsed = 00:00:50 . Memory (MB): peak = 1465.695 ; gain = 449.992 ; free physical = 894 ; free virtual = 11847
