
*** Running vivado
    with args -log blk_mem_gen.vds -m64 -product Vivado -mode batch -messageDb vivado.pb -notrace -source blk_mem_gen.tcl


****** Vivado v2016.4 (64-bit)
  **** SW Build 1756540 on Mon Jan 23 19:11:19 MST 2017
  **** IP Build 1755317 on Mon Jan 23 20:30:07 MST 2017
    ** Copyright 1986-2016 Xilinx, Inc. All Rights Reserved.

source blk_mem_gen.tcl -notrace
Starting RTL Elaboration : Time (s): cpu = 00:00:06 ; elapsed = 00:00:08 . Memory (MB): peak = 1097.285 ; gain = 170.086 ; free physical = 1372 ; free virtual = 12317
INFO: [Synth 8-638] synthesizing module 'blk_mem_gen' [/home/ricson/hw/15618_project/project_5/project_5.srcs/sources_1/ip/blk_mem_gen/synth/blk_mem_gen.vhd:70]
INFO: [Synth 8-256] done synthesizing module 'blk_mem_gen' (9#1) [/home/ricson/hw/15618_project/project_5/project_5.srcs/sources_1/ip/blk_mem_gen/synth/blk_mem_gen.vhd:70]
Finished RTL Elaboration : Time (s): cpu = 00:00:38 ; elapsed = 00:00:41 . Memory (MB): peak = 1296.426 ; gain = 369.227 ; free physical = 1140 ; free virtual = 12082
Finished RTL Optimization Phase 1 : Time (s): cpu = 00:00:38 ; elapsed = 00:00:41 . Memory (MB): peak = 1296.426 ; gain = 369.227 ; free physical = 1142 ; free virtual = 12082
INFO: [Device 21-403] Loading part xc7z020clg484-1
Constraint Validation Runtime : Time (s): cpu = 00:00:00.01 ; elapsed = 00:00:00.01 . Memory (MB): peak = 1409.633 ; gain = 0.000 ; free physical = 1072 ; free virtual = 12036
Finished Constraint Validation : Time (s): cpu = 00:00:45 ; elapsed = 00:00:50 . Memory (MB): peak = 1409.633 ; gain = 482.434 ; free physical = 1054 ; free virtual = 12036
Finished Loading Part and Timing Information : Time (s): cpu = 00:00:45 ; elapsed = 00:00:50 . Memory (MB): peak = 1409.633 ; gain = 482.434 ; free physical = 1054 ; free virtual = 12036
Finished applying 'set_property' XDC Constraints : Time (s): cpu = 00:00:45 ; elapsed = 00:00:50 . Memory (MB): peak = 1409.633 ; gain = 482.434 ; free physical = 1054 ; free virtual = 12036
Finished RTL Optimization Phase 2 : Time (s): cpu = 00:00:46 ; elapsed = 00:00:50 . Memory (MB): peak = 1409.633 ; gain = 482.434 ; free physical = 1050 ; free virtual = 12033
Finished Cross Boundary and Area Optimization : Time (s): cpu = 00:00:46 ; elapsed = 00:00:50 . Memory (MB): peak = 1409.633 ; gain = 482.434 ; free physical = 1049 ; free virtual = 12033
Finished Applying XDC Timing Constraints : Time (s): cpu = 00:00:51 ; elapsed = 00:00:56 . Memory (MB): peak = 1437.633 ; gain = 510.434 ; free physical = 1000 ; free virtual = 11988
Finished Timing Optimization : Time (s): cpu = 00:00:51 ; elapsed = 00:00:56 . Memory (MB): peak = 1437.633 ; gain = 510.434 ; free physical = 1000 ; free virtual = 11988
Finished Technology Mapping : Time (s): cpu = 00:00:51 ; elapsed = 00:00:56 . Memory (MB): peak = 1446.648 ; gain = 519.449 ; free physical = 992 ; free virtual = 11980
Finished IO Insertion : Time (s): cpu = 00:00:51 ; elapsed = 00:00:56 . Memory (MB): peak = 1446.648 ; gain = 519.449 ; free physical = 989 ; free virtual = 11977
Finished Renaming Generated Instances : Time (s): cpu = 00:00:51 ; elapsed = 00:00:56 . Memory (MB): peak = 1446.648 ; gain = 519.449 ; free physical = 989 ; free virtual = 11977
Finished Rebuilding User Hierarchy : Time (s): cpu = 00:00:51 ; elapsed = 00:00:56 . Memory (MB): peak = 1446.648 ; gain = 519.449 ; free physical = 989 ; free virtual = 11977
Finished Renaming Generated Ports : Time (s): cpu = 00:00:51 ; elapsed = 00:00:56 . Memory (MB): peak = 1446.648 ; gain = 519.449 ; free physical = 989 ; free virtual = 11977
Finished Handling Custom Attributes : Time (s): cpu = 00:00:51 ; elapsed = 00:00:56 . Memory (MB): peak = 1446.648 ; gain = 519.449 ; free physical = 981 ; free virtual = 11970
Finished Renaming Generated Nets : Time (s): cpu = 00:00:51 ; elapsed = 00:00:56 . Memory (MB): peak = 1446.648 ; gain = 519.449 ; free physical = 981 ; free virtual = 11970

Report Cell Usage: 
+------+---------+------+
|      |Cell     |Count |
+------+---------+------+
|1     |RAMB18E1 |     1|
+------+---------+------+
Finished Writing Synthesis Report : Time (s): cpu = 00:00:51 ; elapsed = 00:00:56 . Memory (MB): peak = 1446.648 ; gain = 519.449 ; free physical = 981 ; free virtual = 11970
synth_design: Time (s): cpu = 00:00:50 ; elapsed = 00:00:53 . Memory (MB): peak = 1465.164 ; gain = 449.461 ; free physical = 946 ; free virtual = 11936
