
*** Running vivado
    with args -log blk_mem_gen_0.vds -m64 -product Vivado -mode batch -messageDb vivado.pb -notrace -source blk_mem_gen_0.tcl


****** Vivado v2016.4 (64-bit)
  **** SW Build 1756540 on Mon Jan 23 19:11:19 MST 2017
  **** IP Build 1755317 on Mon Jan 23 20:30:07 MST 2017
    ** Copyright 1986-2016 Xilinx, Inc. All Rights Reserved.

source blk_mem_gen_0.tcl -notrace
Starting RTL Elaboration : Time (s): cpu = 00:00:06 ; elapsed = 00:00:06 . Memory (MB): peak = 1097.285 ; gain = 170.086 ; free physical = 553 ; free virtual = 11696
INFO: [Synth 8-638] synthesizing module 'blk_mem_gen_0' [/home/ricson/hw/15618_project/project_5/project_5.srcs/sources_1/ip/blk_mem_gen_0_1/synth/blk_mem_gen_0.vhd:71]
INFO: [Synth 8-256] done synthesizing module 'blk_mem_gen_0' (11#1) [/home/ricson/hw/15618_project/project_5/project_5.srcs/sources_1/ip/blk_mem_gen_0_1/synth/blk_mem_gen_0.vhd:71]
Finished RTL Elaboration : Time (s): cpu = 00:01:00 ; elapsed = 00:01:01 . Memory (MB): peak = 1304.426 ; gain = 377.227 ; free physical = 261 ; free virtual = 11451
Finished RTL Optimization Phase 1 : Time (s): cpu = 00:01:01 ; elapsed = 00:01:01 . Memory (MB): peak = 1304.426 ; gain = 377.227 ; free physical = 261 ; free virtual = 11451
INFO: [Device 21-403] Loading part xc7z020clg484-1
Constraint Validation Runtime : Time (s): cpu = 00:00:00.03 ; elapsed = 00:00:00.03 . Memory (MB): peak = 1510.633 ; gain = 0.000 ; free physical = 205 ; free virtual = 11390
Finished Constraint Validation : Time (s): cpu = 00:01:08 ; elapsed = 00:01:09 . Memory (MB): peak = 1510.633 ; gain = 583.434 ; free physical = 212 ; free virtual = 11397
Finished Loading Part and Timing Information : Time (s): cpu = 00:01:08 ; elapsed = 00:01:09 . Memory (MB): peak = 1510.633 ; gain = 583.434 ; free physical = 212 ; free virtual = 11397
Finished applying 'set_property' XDC Constraints : Time (s): cpu = 00:01:08 ; elapsed = 00:01:09 . Memory (MB): peak = 1510.633 ; gain = 583.434 ; free physical = 212 ; free virtual = 11397
Finished RTL Optimization Phase 2 : Time (s): cpu = 00:01:09 ; elapsed = 00:01:10 . Memory (MB): peak = 1510.633 ; gain = 583.434 ; free physical = 206 ; free virtual = 11391
Finished Cross Boundary and Area Optimization : Time (s): cpu = 00:01:10 ; elapsed = 00:01:11 . Memory (MB): peak = 1510.633 ; gain = 583.434 ; free physical = 173 ; free virtual = 11374
Finished Applying XDC Timing Constraints : Time (s): cpu = 00:01:15 ; elapsed = 00:01:16 . Memory (MB): peak = 1510.633 ; gain = 583.434 ; free physical = 161 ; free virtual = 11327
Finished Timing Optimization : Time (s): cpu = 00:01:15 ; elapsed = 00:01:16 . Memory (MB): peak = 1510.633 ; gain = 583.434 ; free physical = 190 ; free virtual = 11306
Finished Technology Mapping : Time (s): cpu = 00:01:16 ; elapsed = 00:01:17 . Memory (MB): peak = 1510.633 ; gain = 583.434 ; free physical = 165 ; free virtual = 11281
Finished IO Insertion : Time (s): cpu = 00:01:16 ; elapsed = 00:01:17 . Memory (MB): peak = 1510.633 ; gain = 583.434 ; free physical = 164 ; free virtual = 11282
Finished Renaming Generated Instances : Time (s): cpu = 00:01:16 ; elapsed = 00:01:17 . Memory (MB): peak = 1510.633 ; gain = 583.434 ; free physical = 164 ; free virtual = 11282
Finished Rebuilding User Hierarchy : Time (s): cpu = 00:01:16 ; elapsed = 00:01:17 . Memory (MB): peak = 1510.633 ; gain = 583.434 ; free physical = 164 ; free virtual = 11282
Finished Renaming Generated Ports : Time (s): cpu = 00:01:16 ; elapsed = 00:01:17 . Memory (MB): peak = 1510.633 ; gain = 583.434 ; free physical = 164 ; free virtual = 11282
Finished Handling Custom Attributes : Time (s): cpu = 00:01:16 ; elapsed = 00:01:17 . Memory (MB): peak = 1510.633 ; gain = 583.434 ; free physical = 164 ; free virtual = 11282
Finished Renaming Generated Nets : Time (s): cpu = 00:01:16 ; elapsed = 00:01:17 . Memory (MB): peak = 1510.633 ; gain = 583.434 ; free physical = 164 ; free virtual = 11282

Report Cell Usage: 
+------+-----------+------+
|      |Cell       |Count |
+------+-----------+------+
|1     |LUT4       |    16|
|2     |LUT5       |    16|
|3     |LUT6       |   108|
|4     |MUXF7      |    54|
|5     |MUXF8      |    27|
|6     |RAMB36E1   |    48|
|7     |RAMB36E1_1 |     5|
|8     |RAMB36E1_2 |     5|
|9     |FDRE       |     8|
+------+-----------+------+
Finished Writing Synthesis Report : Time (s): cpu = 00:01:16 ; elapsed = 00:01:17 . Memory (MB): peak = 1510.633 ; gain = 583.434 ; free physical = 164 ; free virtual = 11282
synth_design: Time (s): cpu = 00:01:15 ; elapsed = 00:01:15 . Memory (MB): peak = 1510.641 ; gain = 494.938 ; free physical = 195 ; free virtual = 11313
